<?xml version="1.0" encoding="UTF-8"?>
<testsuite xmlns:xsi="http://www.w3.org/2001/XMLSchema-instance" xsi:noNamespaceSchemaLocation="https://maven.apache.org/surefire/maven-surefire-plugin/xsd/surefire-test-report-3.0.xsd" version="3.0" name="biblioteca.CatalogoTest" time="0.053" tests="3" errors="0" skipped="0" failures="0">
  <properties>
[...]
</properties>
  <testcase name="testObtenerLibrosDisponibles" classname="biblioteca.CatalogoTest" time="0.029"/>
  <testcase name="testBuscarLibroInexistente" classname="biblioteca.CatalogoTest" time="0.002"/>
  <testcase name="testBuscarLibroExistente" classname="biblioteca.CatalogoTest" time="0.002"/>
</testsuite>